[ 2025-02-15 23:41:57,604 ] 1025 httpx - INFO - HTTP Request: GET https://dagshub.com/api/v1/user "HTTP/1.1 200 OK"
[ 2025-02-15 23:41:57,604 ] 107 dagshub - INFO - Accessing as sandeepbandi924
[ 2025-02-15 23:41:58,210 ] 1025 httpx - INFO - HTTP Request: GET https://dagshub.com/api/v1/repos/sandeepbandi924/End_To_End_ML_Project_NetworkSecurity "HTTP/1.1 200 OK"
[ 2025-02-15 23:41:58,672 ] 1025 httpx - INFO - HTTP Request: GET https://dagshub.com/api/v1/user "HTTP/1.1 200 OK"
[ 2025-02-15 23:41:58,672 ] 107 dagshub - INFO - Initialized MLflow to track repo "sandeepbandi924/End_To_End_ML_Project_NetworkSecurity"
[ 2025-02-15 23:41:58,672 ] 107 dagshub - INFO - Repository sandeepbandi924/End_To_End_ML_Project_NetworkSecurity initialized!
[ 2025-02-15 23:43:39,531 ] 42 root - INFO - Start data Ingestion
[ 2025-02-15 23:43:43,006 ] 65 root - INFO - Performed train test split on the dataframe
[ 2025-02-15 23:43:43,007 ] 67 root - INFO - Exited split_data_as_train_test method of Data_Ingestion class
[ 2025-02-15 23:43:43,007 ] 75 root - INFO - Exporting train and test file path.
[ 2025-02-15 23:43:43,045 ] 84 root - INFO - Exported train and test file path.
[ 2025-02-15 23:43:43,045 ] 45 root - INFO - Data Ingestion completed and artifact: DataIngestionArtifact(trained_file_path='Artifacts\\02_15_2025_23_41_55\\data_ingestion\\ingested\\train.csv', test_file_path='Artifacts\\02_15_2025_23_41_55\\data_ingestion\\ingested\\test.csv')
[ 2025-02-15 23:43:43,047 ] 55 root - INFO - Initiate the data Validation
[ 2025-02-15 23:43:43,110 ] 32 root - INFO - Required number of columns:2
[ 2025-02-15 23:43:43,110 ] 33 root - INFO - Data frame has columns:31
[ 2025-02-15 23:43:43,110 ] 32 root - INFO - Required number of columns:2
[ 2025-02-15 23:43:43,110 ] 33 root - INFO - Data frame has columns:31
[ 2025-02-15 23:43:43,252 ] 63 root - INFO - Entered initiate_data_transformation method of DataTransformation class
[ 2025-02-15 23:43:43,252 ] 65 root - INFO - Starting data transformation
[ 2025-02-15 23:43:43,270 ] 48 root - INFO - Entered get_data_trnasformer_object method of Trnasformation class
[ 2025-02-15 23:43:43,270 ] 53 root - INFO - Initialise KNNImputer with {'missing_values': nan, 'n_neighbors': 3, 'weights': 'uniform'}
[ 2025-02-15 23:43:43,281 ] 47 root - INFO - Entered the save_object method of MainUtils class
[ 2025-02-15 23:43:43,281 ] 51 root - INFO - Exited the save_object method of MainUtils class
[ 2025-02-15 23:43:43,281 ] 47 root - INFO - Entered the save_object method of MainUtils class
[ 2025-02-15 23:43:43,285 ] 51 root - INFO - Exited the save_object method of MainUtils class
[ 2025-02-15 23:47:35,916 ] 47 root - INFO - Entered the save_object method of MainUtils class
[ 2025-02-15 23:47:35,916 ] 51 root - INFO - Exited the save_object method of MainUtils class
[ 2025-02-15 23:47:35,916 ] 47 root - INFO - Entered the save_object method of MainUtils class
[ 2025-02-15 23:47:35,949 ] 51 root - INFO - Exited the save_object method of MainUtils class
[ 2025-02-15 23:47:35,949 ] 132 root - INFO - Model trainer artifact: ModelTrainerArtifact(trained_model_file_path='Artifacts\\02_15_2025_23_41_55\\model_trainer\\trained_model\\model.pkl', train_metric_artifact=ClassificationMetricArtifact(f1_score=0.9921052631578947, precision_score=0.9923061348451103, recall_score=0.9919044727787897), test_metric_artifact=ClassificationMetricArtifact(f1_score=0.9713349713349714, precision_score=0.967373572593801, recall_score=0.975328947368421))
